<?xml version="1.0" encoding="UTF-8"?>
<!-- Generated by org.testng.reporters.JUnitXMLReporter -->
<testsuite hostname="DESKTOP-FR326FK" ignored="0" name="firefoxTest" tests="1" failures="1" timestamp="2021-10-03T20:03:55 IST" time="8.54" errors="0">
  <testcase name="verifyLoginPageTitle" time="0.03" classname="com.buffalocart.testscripts.LoginTest">
    <failure type="java.lang.AssertionError" message="invalid title expected [Login - Demo POS] but found [403 Forbidden]">
      <![CDATA[java.lang.AssertionError: invalid title expected [Login - Demo POS] but found [403 Forbidden]
at com.buffalocart.testscripts.LoginTest.verifyLoginPageTitle(LoginTest.java:17)
at java.util.ArrayList.forEach(ArrayList.java:1259)
at java.util.concurrent.FutureTask.run(FutureTask.java:266)
at java.util.concurrent.ThreadPoolExecutor.runWorker(ThreadPoolExecutor.java:1149)
at java.util.concurrent.ThreadPoolExecutor$Worker.run(ThreadPoolExecutor.java:624)
at java.lang.Thread.run(Thread.java:748)
... Removed 23 stack frames]]>
    </failure>
  </testcase> <!-- verifyLoginPageTitle -->
</testsuite> <!-- firefoxTest -->
