<?xml version="1.0" encoding="UTF-8"?>
<!-- Generated by org.testng.reporters.JUnitXMLReporter -->
<testsuite hostname="DESKTOP-FR326FK" ignored="6" name="Test" tests="1" failures="0" timestamp="2021-10-05T22:39:00 IST" time="14.493" errors="0">
  <testcase name="verifyResetPasswordWithInvalidEmailid" time="5.883" classname="com.buffalocart.testscripts.ForgotPasswordTest"/>
  <testcase name="verifyUserLoginWithInValidUserCredentials" time="0.0" classname="com.buffalocart.testscripts.LoginTest">
    <ignored/>
  </testcase> <!-- verifyUserLoginWithInValidUserCredentials -->
  <testcase name="verifyClickOnCheckbox" time="0.0" classname="com.buffalocart.testscripts.LoginTest">
    <ignored/>
  </testcase> <!-- verifyClickOnCheckbox -->
  <testcase name="verifyUserLoginWithValidUserCredentials" time="0.0" classname="com.buffalocart.testscripts.LoginTest">
    <ignored/>
  </testcase> <!-- verifyUserLoginWithValidUserCredentials -->
  <testcase name="verifyHomePageTitle" time="0.0" classname="com.buffalocart.testscripts.HomeTest">
    <ignored/>
  </testcase> <!-- verifyHomePageTitle -->
  <testcase name="verifyLoginPageTitle" time="0.0" classname="com.buffalocart.testscripts.LoginTest">
    <ignored/>
  </testcase> <!-- verifyLoginPageTitle -->
  <testcase name="verifyNavigationToLoginOnClickSignOut" time="0.0" classname="com.buffalocart.testscripts.SignOutTest">
    <ignored/>
  </testcase> <!-- verifyNavigationToLoginOnClickSignOut -->
</testsuite> <!-- Test -->
