<?xml version="1.0" encoding="UTF-8"?>
<!-- Generated by org.testng.reporters.JUnitXMLReporter -->
<testsuite hostname="DESKTOP-FR326FK" ignored="0" name="Test" tests="32" failures="3" timestamp="2021-10-19T23:48:10 IST" time="1734.928" errors="0">
  <testcase name="verifyLoginPageTitle" time="0.063" classname="com.buffalocart.testscripts.LoginTest"/>
  <testcase name="verifyUserLoginWithValidUserCredentials" time="7.648" classname="com.buffalocart.testscripts.LoginTest"/>
  <testcase name="verifyUserLoginWithInValidUserCredentials" time="2.424" classname="com.buffalocart.testscripts.LoginTest"/>
  <testcase name="verifyClickOnCheckbox" time="0.18" classname="com.buffalocart.testscripts.LoginTest"/>
  <testcase name="verifyHomePageTitle" time="6.793" classname="com.buffalocart.testscripts.HomeTest"/>
  <testcase name="verifyDateDisplayedInHomePage" time="6.302" classname="com.buffalocart.testscripts.HomeTest"/>
  <testcase name="verifyResetPasswordWithInvalidEmailid" time="18.266" classname="com.buffalocart.testscripts.ForgotPasswordTest"/>
  <testcase name="verifyNavigationToLoginOnClickSignOut" time="8.124" classname="com.buffalocart.testscripts.SignOutTest"/>
  <testcase name="verifyUserLoginWithValidUserCredentials" time="5.758" classname="com.buffalocart.testscripts.SidebarTest"/>
  <testcase name="verifySidebar" time="5.871" classname="com.buffalocart.testscripts.SidebarTest"/>
  <testcase name="verifyUserManagementSubmenus" time="10.228" classname="com.buffalocart.testscripts.UserManagementTest"/>
  <testcase name="verifyUsersPageTitle" time="26.157" classname="com.buffalocart.testscripts.UsersTest"/>
  <testcase name="verifyUserLoginWithNewlyAddedUser" time="44.156" classname="com.buffalocart.testscripts.UsersTest"/>
  <testcase name="verifyUserSearch" time="26.349" classname="com.buffalocart.testscripts.UsersTest">
    <failure type="java.lang.IndexOutOfBoundsException" message="Index: 42, Size: 5">
      <![CDATA[java.lang.IndexOutOfBoundsException: Index: 42, Size: 5
at java.util.ArrayList.rangeCheck(ArrayList.java:659)
at java.util.ArrayList.get(ArrayList.java:435)
at org.openqa.selenium.support.pagefactory.internal.LocatingElementListHandler.invoke(LocatingElementListHandler.java:39)
at com.sun.proxy.$Proxy11.get(Unknown Source)
at com.buffalocart.utilities.TableUtility.getGridData(TableUtility.java:19)
at com.buffalocart.pages.UsersPage.getUserTable(UsersPage.java:71)
at com.buffalocart.testscripts.UsersTest.verifyUserSearch(UsersTest.java:68)
at java.util.ArrayList.forEach(ArrayList.java:1259)
... Removed 30 stack frames]]>
    </failure>
  </testcase> <!-- verifyUserSearch -->
  <testcase name="verifyErrorMessageOnNotFillingMandatoryUserFields" time="28.823" classname="com.buffalocart.testscripts.AddUserTest"/>
  <testcase name="verifyAddUsersPageTitle" time="30.956" classname="com.buffalocart.testscripts.AddUserTest"/>
  <testcase name="verifyAddUser" time="41.416" classname="com.buffalocart.testscripts.AddUserTest">
    <failure type="org.openqa.selenium.ElementClickInterceptedException" message="element click intercepted: Element &amp;lt;li class=&amp;quot;dropdown user user-menu&amp;quot;&amp;gt;...&amp;lt;/li&amp;gt; is not clickable at point (1223, 25). Other element would receive the click: &amp;lt;div class=&amp;quot;toast toast-success&amp;quot; aria-live=&amp;quot;polite&amp;quot; style=&amp;quot;display: block; opacity: 4.9347e-05;&amp;quot;&amp;gt;...&amp;lt;/div&amp;gt;
  (Session info: chrome=94.0.4606.81)
Build info: version: &amp;apos;3.141.59&amp;apos;, revision: &amp;apos;e82be7d358&amp;apos;, time: &amp;apos;2018-11-14T08:17:03&amp;apos;
System info: host: &amp;apos;DESKTOP-FR326FK&amp;apos;, ip: &amp;apos;192.168.0.9&amp;apos;, os.name: &amp;apos;Windows 10&amp;apos;, os.arch: &amp;apos;amd64&amp;apos;, os.version: &amp;apos;10.0&amp;apos;, java.version: &amp;apos;1.8.0_301&amp;apos;
Driver info: org.openqa.selenium.chrome.ChromeDriver
Capabilities {acceptInsecureCerts: false, browserName: chrome, browserVersion: 94.0.4606.81, chrome: {chromedriverVersion: 94.0.4606.61 (418b78f5838ed..., userDataDir: C:\Users\manua\AppData\Loca...}, goog:chromeOptions: {debuggerAddress: localhost:62443}, javascriptEnabled: true, networkConnectionEnabled: false, pageLoadStrategy: normal, platform: WINDOWS, platformName: WINDOWS, proxy: Proxy(), setWindowRect: true, strictFileInteractability: false, timeouts: {implicit: 0, pageLoad: 300000, script: 30000}, unhandledPromptBehavior: dismiss and notify, webauthn:extension:credBlob: true, webauthn:extension:largeBlob: true, webauthn:virtualAuthenticators: true}
Session ID: 74c99c1d5886fcd465e0200413155c97">
      <![CDATA[org.openqa.selenium.ElementClickInterceptedException: element click intercepted: Element <li class="dropdown user user-menu">...</li> is not clickable at point (1223, 25). Other element would receive the click: <div class="toast toast-success" aria-live="polite" style="display: block; opacity: 4.9347e-05;">...</div>
  (Session info: chrome=94.0.4606.81)
Build info: version: '3.141.59', revision: 'e82be7d358', time: '2018-11-14T08:17:03'
System info: host: 'DESKTOP-FR326FK', ip: '192.168.0.9', os.name: 'Windows 10', os.arch: 'amd64', os.version: '10.0', java.version: '1.8.0_301'
Driver info: org.openqa.selenium.chrome.ChromeDriver
Capabilities {acceptInsecureCerts: false, browserName: chrome, browserVersion: 94.0.4606.81, chrome: {chromedriverVersion: 94.0.4606.61 (418b78f5838ed..., userDataDir: C:\Users\manua\AppData\Loca...}, goog:chromeOptions: {debuggerAddress: localhost:62443}, javascriptEnabled: true, networkConnectionEnabled: false, pageLoadStrategy: normal, platform: WINDOWS, platformName: WINDOWS, proxy: Proxy(), setWindowRect: true, strictFileInteractability: false, timeouts: {implicit: 0, pageLoad: 300000, script: 30000}, unhandledPromptBehavior: dismiss and notify, webauthn:extension:credBlob: true, webauthn:extension:largeBlob: true, webauthn:virtualAuthenticators: true}
Session ID: 74c99c1d5886fcd465e0200413155c97
at org.openqa.selenium.remote.http.W3CHttpResponseCodec.createException(W3CHttpResponseCodec.java:187)
at org.openqa.selenium.remote.http.W3CHttpResponseCodec.decode(W3CHttpResponseCodec.java:122)
at org.openqa.selenium.remote.http.W3CHttpResponseCodec.decode(W3CHttpResponseCodec.java:49)
at org.openqa.selenium.remote.HttpCommandExecutor.execute(HttpCommandExecutor.java:158)
at org.openqa.selenium.remote.service.DriverCommandExecutor.execute(DriverCommandExecutor.java:83)
at org.openqa.selenium.remote.RemoteWebDriver.execute(RemoteWebDriver.java:552)
at org.openqa.selenium.remote.RemoteWebElement.execute(RemoteWebElement.java:285)
at org.openqa.selenium.remote.RemoteWebElement.click(RemoteWebElement.java:84)
at org.openqa.selenium.support.pagefactory.internal.LocatingElementHandler.invoke(LocatingElementHandler.java:51)
at com.sun.proxy.$Proxy10.click(Unknown Source)
at com.buffalocart.utilities.PageUtility.clickOnElement(PageUtility.java:19)
at com.buffalocart.pages.HomePage.clickOnUserMenu(HomePage.java:76)
at com.buffalocart.testscripts.AddUserTest.verifyAddUser(AddUserTest.java:82)
at java.util.ArrayList.forEach(ArrayList.java:1259)
... Removed 34 stack frames]]>
    </failure>
  </testcase> <!-- verifyAddUser -->
  <testcase name="verifyRolesPageTitle" time="25.094" classname="com.buffalocart.testscripts.RolesTest"/>
  <testcase name="verifyNewRoleListedInUserAddPage" time="87.392" classname="com.buffalocart.testscripts.RolesTest"/>
  <testcase name="verifyAddRolesPageTitle" time="27.653" classname="com.buffalocart.testscripts.AddRolesTest"/>
  <testcase name="verifyAddNewRole" time="41.135" classname="com.buffalocart.testscripts.AddRolesTest"/>
  <testcase name="verifySalesCommissionAgentPageTitle" time="25.135" classname="com.buffalocart.testscripts.SalesCommissionAgentTest"/>
  <testcase name="verifyAddNewSalesCommissionAgent" time="40.766" classname="com.buffalocart.testscripts.AddSalesCommissionAgentTest"/>
  <testcase name="verifyEditUsersPageTitle" time="27.985" classname="com.buffalocart.testscripts.UpdateUserTest"/>
  <testcase name="verifyEditUser" time="45.818" classname="com.buffalocart.testscripts.UpdateUserTest"/>
  <testcase name="verifyViewUser" time="29.152" classname="com.buffalocart.testscripts.ViewUserTest"/>
  <testcase name="verifyDeleteUser" time="37.771" classname="com.buffalocart.testscripts.DeleteUserTest"/>
  <testcase name="verifyEditRolesPageTitle" time="27.386" classname="com.buffalocart.testscripts.UpdateRolesTest"/>
  <testcase name="verifyEditRole" time="82.102" classname="com.buffalocart.testscripts.UpdateRolesTest"/>
  <testcase name="verifyDeleteRole" time="37.11" classname="com.buffalocart.testscripts.DeleteRoleTest"/>
  <testcase name="verifyDeleteAgent" time="36.444" classname="com.buffalocart.testscripts.DeleteAgentTest"/>
  <testcase name="verifyEditSalesCommissionAgent" time="45.653" classname="com.buffalocart.testscripts.UpdateAgentTest">
    <failure type="org.openqa.selenium.NoSuchElementException" message="no such element: Unable to locate element: {&amp;quot;method&amp;quot;:&amp;quot;css selector&amp;quot;,&amp;quot;selector&amp;quot;:&amp;quot;*[name=&amp;apos;email&amp;apos;]&amp;quot;}
  (Session info: chrome=94.0.4606.81)
For documentation on this error, please visit: https://www.seleniumhq.org/exceptions/no_such_element.html
Build info: version: &amp;apos;3.141.59&amp;apos;, revision: &amp;apos;e82be7d358&amp;apos;, time: &amp;apos;2018-11-14T08:17:03&amp;apos;
System info: host: &amp;apos;DESKTOP-FR326FK&amp;apos;, ip: &amp;apos;192.168.0.9&amp;apos;, os.name: &amp;apos;Windows 10&amp;apos;, os.arch: &amp;apos;amd64&amp;apos;, os.version: &amp;apos;10.0&amp;apos;, java.version: &amp;apos;1.8.0_301&amp;apos;
Driver info: org.openqa.selenium.chrome.ChromeDriver
Capabilities {acceptInsecureCerts: false, browserName: chrome, browserVersion: 94.0.4606.81, chrome: {chromedriverVersion: 94.0.4606.61 (418b78f5838ed..., userDataDir: C:\Users\manua\AppData\Loca...}, goog:chromeOptions: {debuggerAddress: localhost:51909}, javascriptEnabled: true, networkConnectionEnabled: false, pageLoadStrategy: normal, platform: WINDOWS, platformName: WINDOWS, proxy: Proxy(), setWindowRect: true, strictFileInteractability: false, timeouts: {implicit: 0, pageLoad: 300000, script: 30000}, unhandledPromptBehavior: dismiss and notify, webauthn:extension:credBlob: true, webauthn:extension:largeBlob: true, webauthn:virtualAuthenticators: true}
Session ID: 1ac791bc28dc5a2729ddd48fa4052613
*** Element info: {Using=name, value=email}">
      <![CDATA[org.openqa.selenium.NoSuchElementException: no such element: Unable to locate element: {"method":"css selector","selector":"*[name='email']"}
  (Session info: chrome=94.0.4606.81)
For documentation on this error, please visit: https://www.seleniumhq.org/exceptions/no_such_element.html
Build info: version: '3.141.59', revision: 'e82be7d358', time: '2018-11-14T08:17:03'
System info: host: 'DESKTOP-FR326FK', ip: '192.168.0.9', os.name: 'Windows 10', os.arch: 'amd64', os.version: '10.0', java.version: '1.8.0_301'
Driver info: org.openqa.selenium.chrome.ChromeDriver
Capabilities {acceptInsecureCerts: false, browserName: chrome, browserVersion: 94.0.4606.81, chrome: {chromedriverVersion: 94.0.4606.61 (418b78f5838ed..., userDataDir: C:\Users\manua\AppData\Loca...}, goog:chromeOptions: {debuggerAddress: localhost:51909}, javascriptEnabled: true, networkConnectionEnabled: false, pageLoadStrategy: normal, platform: WINDOWS, platformName: WINDOWS, proxy: Proxy(), setWindowRect: true, strictFileInteractability: false, timeouts: {implicit: 0, pageLoad: 300000, script: 30000}, unhandledPromptBehavior: dismiss and notify, webauthn:extension:credBlob: true, webauthn:extension:largeBlob: true, webauthn:virtualAuthenticators: true}
Session ID: 1ac791bc28dc5a2729ddd48fa4052613
*** Element info: {Using=name, value=email}
at org.openqa.selenium.remote.http.W3CHttpResponseCodec.createException(W3CHttpResponseCodec.java:187)
at org.openqa.selenium.remote.http.W3CHttpResponseCodec.decode(W3CHttpResponseCodec.java:122)
at org.openqa.selenium.remote.http.W3CHttpResponseCodec.decode(W3CHttpResponseCodec.java:49)
at org.openqa.selenium.remote.HttpCommandExecutor.execute(HttpCommandExecutor.java:158)
at org.openqa.selenium.remote.service.DriverCommandExecutor.execute(DriverCommandExecutor.java:83)
at org.openqa.selenium.remote.RemoteWebDriver.execute(RemoteWebDriver.java:552)
at org.openqa.selenium.remote.RemoteWebDriver.findElement(RemoteWebDriver.java:323)
at org.openqa.selenium.remote.RemoteWebDriver.findElementByName(RemoteWebDriver.java:404)
at org.openqa.selenium.By$ByName.findElement(By.java:284)
at org.openqa.selenium.remote.RemoteWebDriver.findElement(RemoteWebDriver.java:315)
at org.openqa.selenium.support.pagefactory.DefaultElementLocator.findElement(DefaultElementLocator.java:69)
at org.openqa.selenium.support.pagefactory.internal.LocatingElementHandler.invoke(LocatingElementHandler.java:38)
at com.sun.proxy.$Proxy10.clear(Unknown Source)
at com.buffalocart.utilities.PageUtility.clearText(PageUtility.java:32)
at com.buffalocart.pages.UpdateAgentPage.editEmail(UpdateAgentPage.java:78)
at com.buffalocart.testscripts.UpdateAgentTest.verifyEditSalesCommissionAgent(UpdateAgentTest.java:54)
at java.util.ArrayList.forEach(ArrayList.java:1259)
... Removed 31 stack frames]]>
    </failure>
  </testcase> <!-- verifyEditSalesCommissionAgent -->
</testsuite> <!-- Test -->
