<?xml version="1.0" encoding="UTF-8"?>
<!-- Generated by org.testng.reporters.JUnitXMLReporter -->
<testsuite hostname="DESKTOP-FR326FK" ignored="0" name="Test" tests="31" failures="9" timestamp="2021-10-14T18:24:23 IST" time="1453.802" errors="0">
  <testcase name="verifyLoginPageTitle" time="0.109" classname="com.buffalocart.testscripts.LoginTest"/>
  <testcase name="verifyUserLoginWithValidUserCredentials" time="4.221" classname="com.buffalocart.testscripts.LoginTest"/>
  <testcase name="verifyUserLoginWithInValidUserCredentials" time="1.318" classname="com.buffalocart.testscripts.LoginTest"/>
  <testcase name="verifyClickOnCheckbox" time="0.124" classname="com.buffalocart.testscripts.LoginTest"/>
  <testcase name="verifyHomePageTitle" time="3.541" classname="com.buffalocart.testscripts.HomeTest"/>
  <testcase name="verifyDateDisplayedInHomePage" time="3.589" classname="com.buffalocart.testscripts.HomeTest"/>
  <testcase name="verifyResetPasswordWithInvalidEmailid" time="4.783" classname="com.buffalocart.testscripts.ForgotPasswordTest"/>
  <testcase name="verifyNavigationToLoginOnClickSignOut" time="3.821" classname="com.buffalocart.testscripts.SignOutTest"/>
  <testcase name="verifyUserManagementSubmenus" time="3.859" classname="com.buffalocart.testscripts.UserManagementTest"/>
  <testcase name="verifyUsersPageTitle" time="26.263" classname="com.buffalocart.testscripts.UsersTest"/>
  <testcase name="verifyUserSearch" time="25.736" classname="com.buffalocart.testscripts.UsersTest">
    <failure type="java.lang.IllegalStateException" message="Cannot get a STRING value from a NUMERIC cell">
      <![CDATA[java.lang.IllegalStateException: Cannot get a STRING value from a NUMERIC cell
at org.apache.poi.xssf.usermodel.XSSFCell.typeMismatch(XSSFCell.java:1035)
at org.apache.poi.xssf.usermodel.XSSFCell.getRichStringCellValue(XSSFCell.java:390)
at org.apache.poi.xssf.usermodel.XSSFCell.getStringCellValue(XSSFCell.java:342)
at com.buffalocart.utilities.ExcelUtility.getString(ExcelUtility.java:47)
at com.buffalocart.testscripts.UsersTest.verifyUserSearch(UsersTest.java:62)
at java.util.ArrayList.forEach(ArrayList.java:1259)
... Removed 27 stack frames]]>
    </failure>
  </testcase> <!-- verifyUserSearch -->
  <testcase name="verifyUserLoginWithNewlyAddedUser" time="33.276" classname="com.buffalocart.testscripts.UsersTest">
    <failure type="org.openqa.selenium.ElementClickInterceptedException" message="element click intercepted: Element &amp;lt;li class=&amp;quot;dropdown user user-menu&amp;quot;&amp;gt;...&amp;lt;/li&amp;gt; is not clickable at point (1223, 25). Other element would receive the click: &amp;lt;div class=&amp;quot;toast toast-success&amp;quot; aria-live=&amp;quot;polite&amp;quot; style=&amp;quot;display: block;&amp;quot;&amp;gt;...&amp;lt;/div&amp;gt;
  (Session info: chrome=94.0.4606.81)
Build info: version: &amp;apos;3.141.59&amp;apos;, revision: &amp;apos;e82be7d358&amp;apos;, time: &amp;apos;2018-11-14T08:17:03&amp;apos;
System info: host: &amp;apos;DESKTOP-FR326FK&amp;apos;, ip: &amp;apos;192.168.0.9&amp;apos;, os.name: &amp;apos;Windows 10&amp;apos;, os.arch: &amp;apos;amd64&amp;apos;, os.version: &amp;apos;10.0&amp;apos;, java.version: &amp;apos;1.8.0_301&amp;apos;
Driver info: org.openqa.selenium.chrome.ChromeDriver
Capabilities {acceptInsecureCerts: false, browserName: chrome, browserVersion: 94.0.4606.81, chrome: {chromedriverVersion: 94.0.4606.61 (418b78f5838ed..., userDataDir: C:\Users\manua\AppData\Loca...}, goog:chromeOptions: {debuggerAddress: localhost:55953}, javascriptEnabled: true, networkConnectionEnabled: false, pageLoadStrategy: normal, platform: WINDOWS, platformName: WINDOWS, proxy: Proxy(), setWindowRect: true, strictFileInteractability: false, timeouts: {implicit: 0, pageLoad: 300000, script: 30000}, unhandledPromptBehavior: dismiss and notify, webauthn:extension:credBlob: true, webauthn:extension:largeBlob: true, webauthn:virtualAuthenticators: true}
Session ID: 5356ec05de1cbc91f6b567f0725aaebe">
      <![CDATA[org.openqa.selenium.ElementClickInterceptedException: element click intercepted: Element <li class="dropdown user user-menu">...</li> is not clickable at point (1223, 25). Other element would receive the click: <div class="toast toast-success" aria-live="polite" style="display: block;">...</div>
  (Session info: chrome=94.0.4606.81)
Build info: version: '3.141.59', revision: 'e82be7d358', time: '2018-11-14T08:17:03'
System info: host: 'DESKTOP-FR326FK', ip: '192.168.0.9', os.name: 'Windows 10', os.arch: 'amd64', os.version: '10.0', java.version: '1.8.0_301'
Driver info: org.openqa.selenium.chrome.ChromeDriver
Capabilities {acceptInsecureCerts: false, browserName: chrome, browserVersion: 94.0.4606.81, chrome: {chromedriverVersion: 94.0.4606.61 (418b78f5838ed..., userDataDir: C:\Users\manua\AppData\Loca...}, goog:chromeOptions: {debuggerAddress: localhost:55953}, javascriptEnabled: true, networkConnectionEnabled: false, pageLoadStrategy: normal, platform: WINDOWS, platformName: WINDOWS, proxy: Proxy(), setWindowRect: true, strictFileInteractability: false, timeouts: {implicit: 0, pageLoad: 300000, script: 30000}, unhandledPromptBehavior: dismiss and notify, webauthn:extension:credBlob: true, webauthn:extension:largeBlob: true, webauthn:virtualAuthenticators: true}
Session ID: 5356ec05de1cbc91f6b567f0725aaebe
at org.openqa.selenium.remote.http.W3CHttpResponseCodec.createException(W3CHttpResponseCodec.java:187)
at org.openqa.selenium.remote.http.W3CHttpResponseCodec.decode(W3CHttpResponseCodec.java:122)
at org.openqa.selenium.remote.http.W3CHttpResponseCodec.decode(W3CHttpResponseCodec.java:49)
at org.openqa.selenium.remote.HttpCommandExecutor.execute(HttpCommandExecutor.java:158)
at org.openqa.selenium.remote.service.DriverCommandExecutor.execute(DriverCommandExecutor.java:83)
at org.openqa.selenium.remote.RemoteWebDriver.execute(RemoteWebDriver.java:552)
at org.openqa.selenium.remote.RemoteWebElement.execute(RemoteWebElement.java:285)
at org.openqa.selenium.remote.RemoteWebElement.click(RemoteWebElement.java:84)
at org.openqa.selenium.support.pagefactory.internal.LocatingElementHandler.invoke(LocatingElementHandler.java:51)
at com.sun.proxy.$Proxy10.click(Unknown Source)
at com.buffalocart.utilities.PageUtility.clickOnElement(PageUtility.java:16)
at com.buffalocart.pages.HomePage.clickOnUserMenu(HomePage.java:71)
at com.buffalocart.testscripts.UsersTest.verifyUserLoginWithNewlyAddedUser(UsersTest.java:95)
at java.util.ArrayList.forEach(ArrayList.java:1259)
... Removed 34 stack frames]]>
    </failure>
  </testcase> <!-- verifyUserLoginWithNewlyAddedUser -->
  <testcase name="verifyErrorMessageOnNotFillingMandatoryUserFields" time="39.963" classname="com.buffalocart.testscripts.AddUserTest"/>
  <testcase name="verifyAddUsersPageTitle" time="24.696" classname="com.buffalocart.testscripts.AddUserTest"/>
  <testcase name="verifyAddUser" time="34.301" classname="com.buffalocart.testscripts.AddUserTest"/>
  <testcase name="verifyRolesPageTitle" time="23.652" classname="com.buffalocart.testscripts.RolesTest"/>
  <testcase name="verifyNewRoleListedInUserAddPage" time="79.482" classname="com.buffalocart.testscripts.RolesTest">
    <failure type="org.openqa.selenium.NoSuchElementException" message="Cannot locate element with text: Supplier
For documentation on this error, please visit: https://www.seleniumhq.org/exceptions/no_such_element.html
Build info: version: &amp;apos;3.141.59&amp;apos;, revision: &amp;apos;e82be7d358&amp;apos;, time: &amp;apos;2018-11-14T08:17:03&amp;apos;
System info: host: &amp;apos;DESKTOP-FR326FK&amp;apos;, ip: &amp;apos;192.168.0.9&amp;apos;, os.name: &amp;apos;Windows 10&amp;apos;, os.arch: &amp;apos;amd64&amp;apos;, os.version: &amp;apos;10.0&amp;apos;, java.version: &amp;apos;1.8.0_301&amp;apos;
Driver info: driver.version: unknown">
      <![CDATA[org.openqa.selenium.NoSuchElementException: Cannot locate element with text: Supplier
For documentation on this error, please visit: https://www.seleniumhq.org/exceptions/no_such_element.html
Build info: version: '3.141.59', revision: 'e82be7d358', time: '2018-11-14T08:17:03'
System info: host: 'DESKTOP-FR326FK', ip: '192.168.0.9', os.name: 'Windows 10', os.arch: 'amd64', os.version: '10.0', java.version: '1.8.0_301'
Driver info: driver.version: unknown
at org.openqa.selenium.support.ui.Select.selectByVisibleText(Select.java:147)
at com.buffalocart.utilities.PageUtility.selectDropdownbyText(PageUtility.java:80)
at com.buffalocart.pages.AddUserPage.selectRole(AddUserPage.java:96)
at com.buffalocart.testscripts.RolesTest.verifyNewRoleListedInUserAddPage(RolesTest.java:78)
at java.util.ArrayList.forEach(ArrayList.java:1259)
... Removed 27 stack frames]]>
    </failure>
  </testcase> <!-- verifyNewRoleListedInUserAddPage -->
  <testcase name="verifyAddNewRole" time="32.362" classname="com.buffalocart.testscripts.AddRolesTest">
    <failure type="java.lang.AssertionError" message="Role is not added: Lists differ at element [0]: Role1 != RoleTest expected [Role1] but found [RoleTest]">
      <![CDATA[java.lang.AssertionError: Role is not added: Lists differ at element [0]: Role1 != RoleTest expected [Role1] but found [RoleTest]
at com.buffalocart.testscripts.AddRolesTest.verifyAddNewRole(AddRolesTest.java:75)
at java.util.ArrayList.forEach(ArrayList.java:1259)
... Removed 31 stack frames]]>
    </failure>
  </testcase> <!-- verifyAddNewRole -->
  <testcase name="verifyAddRolesPageTitle" time="26.1" classname="com.buffalocart.testscripts.AddRolesTest"/>
  <testcase name="verifySalesCommissionAgentPageTitle" time="23.966" classname="com.buffalocart.testscripts.SalesCommissionAgentTest"/>
  <testcase name="verifyAddNewSalesCommissionAgent" time="33.646" classname="com.buffalocart.testscripts.AddSalesCommissionAgentTest"/>
  <testcase name="verifyEditUsersPageTitle" time="25.843" classname="com.buffalocart.testscripts.UpdateUserTest"/>
  <testcase name="verifyEditUser" time="29.915" classname="com.buffalocart.testscripts.UpdateUserTest">
    <failure type="org.openqa.selenium.ElementClickInterceptedException" message="element click intercepted: Element &amp;lt;li class=&amp;quot;dropdown user user-menu&amp;quot;&amp;gt;...&amp;lt;/li&amp;gt; is not clickable at point (1223, 25). Other element would receive the click: &amp;lt;div class=&amp;quot;toast toast-success&amp;quot; aria-live=&amp;quot;polite&amp;quot; style=&amp;quot;display: block;&amp;quot;&amp;gt;...&amp;lt;/div&amp;gt;
  (Session info: chrome=94.0.4606.81)
Build info: version: &amp;apos;3.141.59&amp;apos;, revision: &amp;apos;e82be7d358&amp;apos;, time: &amp;apos;2018-11-14T08:17:03&amp;apos;
System info: host: &amp;apos;DESKTOP-FR326FK&amp;apos;, ip: &amp;apos;192.168.0.9&amp;apos;, os.name: &amp;apos;Windows 10&amp;apos;, os.arch: &amp;apos;amd64&amp;apos;, os.version: &amp;apos;10.0&amp;apos;, java.version: &amp;apos;1.8.0_301&amp;apos;
Driver info: org.openqa.selenium.chrome.ChromeDriver
Capabilities {acceptInsecureCerts: false, browserName: chrome, browserVersion: 94.0.4606.81, chrome: {chromedriverVersion: 94.0.4606.61 (418b78f5838ed..., userDataDir: C:\Users\manua\AppData\Loca...}, goog:chromeOptions: {debuggerAddress: localhost:52064}, javascriptEnabled: true, networkConnectionEnabled: false, pageLoadStrategy: normal, platform: WINDOWS, platformName: WINDOWS, proxy: Proxy(), setWindowRect: true, strictFileInteractability: false, timeouts: {implicit: 0, pageLoad: 300000, script: 30000}, unhandledPromptBehavior: dismiss and notify, webauthn:extension:credBlob: true, webauthn:extension:largeBlob: true, webauthn:virtualAuthenticators: true}
Session ID: f87edc785aa5c2bb3d584a00d0cae4c5">
      <![CDATA[org.openqa.selenium.ElementClickInterceptedException: element click intercepted: Element <li class="dropdown user user-menu">...</li> is not clickable at point (1223, 25). Other element would receive the click: <div class="toast toast-success" aria-live="polite" style="display: block;">...</div>
  (Session info: chrome=94.0.4606.81)
Build info: version: '3.141.59', revision: 'e82be7d358', time: '2018-11-14T08:17:03'
System info: host: 'DESKTOP-FR326FK', ip: '192.168.0.9', os.name: 'Windows 10', os.arch: 'amd64', os.version: '10.0', java.version: '1.8.0_301'
Driver info: org.openqa.selenium.chrome.ChromeDriver
Capabilities {acceptInsecureCerts: false, browserName: chrome, browserVersion: 94.0.4606.81, chrome: {chromedriverVersion: 94.0.4606.61 (418b78f5838ed..., userDataDir: C:\Users\manua\AppData\Loca...}, goog:chromeOptions: {debuggerAddress: localhost:52064}, javascriptEnabled: true, networkConnectionEnabled: false, pageLoadStrategy: normal, platform: WINDOWS, platformName: WINDOWS, proxy: Proxy(), setWindowRect: true, strictFileInteractability: false, timeouts: {implicit: 0, pageLoad: 300000, script: 30000}, unhandledPromptBehavior: dismiss and notify, webauthn:extension:credBlob: true, webauthn:extension:largeBlob: true, webauthn:virtualAuthenticators: true}
Session ID: f87edc785aa5c2bb3d584a00d0cae4c5
at org.openqa.selenium.remote.http.W3CHttpResponseCodec.createException(W3CHttpResponseCodec.java:187)
at org.openqa.selenium.remote.http.W3CHttpResponseCodec.decode(W3CHttpResponseCodec.java:122)
at org.openqa.selenium.remote.http.W3CHttpResponseCodec.decode(W3CHttpResponseCodec.java:49)
at org.openqa.selenium.remote.HttpCommandExecutor.execute(HttpCommandExecutor.java:158)
at org.openqa.selenium.remote.service.DriverCommandExecutor.execute(DriverCommandExecutor.java:83)
at org.openqa.selenium.remote.RemoteWebDriver.execute(RemoteWebDriver.java:552)
at org.openqa.selenium.remote.RemoteWebElement.execute(RemoteWebElement.java:285)
at org.openqa.selenium.remote.RemoteWebElement.click(RemoteWebElement.java:84)
at org.openqa.selenium.support.pagefactory.internal.LocatingElementHandler.invoke(LocatingElementHandler.java:51)
at com.sun.proxy.$Proxy10.click(Unknown Source)
at com.buffalocart.utilities.PageUtility.clickOnElement(PageUtility.java:16)
at com.buffalocart.pages.HomePage.clickOnUserMenu(HomePage.java:71)
at com.buffalocart.testscripts.UpdateUserTest.verifyEditUser(UpdateUserTest.java:69)
at java.util.ArrayList.forEach(ArrayList.java:1259)
... Removed 34 stack frames]]>
    </failure>
  </testcase> <!-- verifyEditUser -->
  <testcase name="verifyEditUser" time="27.083" classname="com.buffalocart.testscripts.ViewUserTest"/>
  <testcase name="verifyDeleteUser" time="26.598" classname="com.buffalocart.testscripts.DeleteUserTest">
    <failure type="java.lang.IndexOutOfBoundsException" message="Index: 30, Size: 30">
      <![CDATA[java.lang.IndexOutOfBoundsException: Index: 30, Size: 30
at java.util.ArrayList.rangeCheck(ArrayList.java:659)
at java.util.ArrayList.get(ArrayList.java:435)
at org.openqa.selenium.support.pagefactory.internal.LocatingElementListHandler.invoke(LocatingElementListHandler.java:39)
at com.sun.proxy.$Proxy11.get(Unknown Source)
at com.buffalocart.utilities.TableUtility.getGridData(TableUtility.java:19)
at com.buffalocart.pages.UsersPage.getUserTable(UsersPage.java:70)
at com.buffalocart.testscripts.DeleteUserTest.verifyDeleteUser(DeleteUserTest.java:47)
at java.util.ArrayList.forEach(ArrayList.java:1259)
... Removed 30 stack frames]]>
    </failure>
  </testcase> <!-- verifyDeleteUser -->
  <testcase name="verifyEditRolesPageTitle" time="26.069" classname="com.buffalocart.testscripts.UpdateRolesTest"/>
  <testcase name="verifyEditUser" time="2.685" classname="com.buffalocart.testscripts.UpdateRolesTest">
    <failure type="java.lang.IndexOutOfBoundsException" message="Index: 10, Size: 10">
      <![CDATA[java.lang.IndexOutOfBoundsException: Index: 10, Size: 10
at java.util.ArrayList.rangeCheck(ArrayList.java:659)
at java.util.ArrayList.get(ArrayList.java:435)
at org.openqa.selenium.support.pagefactory.internal.LocatingElementListHandler.invoke(LocatingElementListHandler.java:39)
at com.sun.proxy.$Proxy11.get(Unknown Source)
at com.buffalocart.utilities.PageUtility.SelectMenu(PageUtility.java:71)
at com.buffalocart.pages.SidebarPage.clickOnUserManagement(SidebarPage.java:35)
at com.buffalocart.testscripts.UpdateRolesTest.verifyEditUser(UpdateRolesTest.java:63)
at java.util.ArrayList.forEach(ArrayList.java:1259)
... Removed 30 stack frames]]>
    </failure>
  </testcase> <!-- verifyEditUser -->
  <testcase name="verifyDeleteRole" time="25.83" classname="com.buffalocart.testscripts.DeleteRoleTest">
    <failure type="org.openqa.selenium.ElementClickInterceptedException" message="element click intercepted: Element &amp;lt;button class=&amp;quot;swal-button swal-button--confirm swal-button--danger&amp;quot;&amp;gt;...&amp;lt;/button&amp;gt; is not clickable at point (760, 359). Other element would receive the click: &amp;lt;div class=&amp;quot;swal-modal&amp;quot; role=&amp;quot;dialog&amp;quot; aria-modal=&amp;quot;true&amp;quot;&amp;gt;...&amp;lt;/div&amp;gt;
  (Session info: chrome=94.0.4606.81)
Build info: version: &amp;apos;3.141.59&amp;apos;, revision: &amp;apos;e82be7d358&amp;apos;, time: &amp;apos;2018-11-14T08:17:03&amp;apos;
System info: host: &amp;apos;DESKTOP-FR326FK&amp;apos;, ip: &amp;apos;192.168.0.9&amp;apos;, os.name: &amp;apos;Windows 10&amp;apos;, os.arch: &amp;apos;amd64&amp;apos;, os.version: &amp;apos;10.0&amp;apos;, java.version: &amp;apos;1.8.0_301&amp;apos;
Driver info: org.openqa.selenium.chrome.ChromeDriver
Capabilities {acceptInsecureCerts: false, browserName: chrome, browserVersion: 94.0.4606.81, chrome: {chromedriverVersion: 94.0.4606.61 (418b78f5838ed..., userDataDir: C:\Users\manua\AppData\Loca...}, goog:chromeOptions: {debuggerAddress: localhost:57765}, javascriptEnabled: true, networkConnectionEnabled: false, pageLoadStrategy: normal, platform: WINDOWS, platformName: WINDOWS, proxy: Proxy(), setWindowRect: true, strictFileInteractability: false, timeouts: {implicit: 0, pageLoad: 300000, script: 30000}, unhandledPromptBehavior: dismiss and notify, webauthn:extension:credBlob: true, webauthn:extension:largeBlob: true, webauthn:virtualAuthenticators: true}
Session ID: 9e2636ae8e92de73a049f5a9bd49f607">
      <![CDATA[org.openqa.selenium.ElementClickInterceptedException: element click intercepted: Element <button class="swal-button swal-button--confirm swal-button--danger">...</button> is not clickable at point (760, 359). Other element would receive the click: <div class="swal-modal" role="dialog" aria-modal="true">...</div>
  (Session info: chrome=94.0.4606.81)
Build info: version: '3.141.59', revision: 'e82be7d358', time: '2018-11-14T08:17:03'
System info: host: 'DESKTOP-FR326FK', ip: '192.168.0.9', os.name: 'Windows 10', os.arch: 'amd64', os.version: '10.0', java.version: '1.8.0_301'
Driver info: org.openqa.selenium.chrome.ChromeDriver
Capabilities {acceptInsecureCerts: false, browserName: chrome, browserVersion: 94.0.4606.81, chrome: {chromedriverVersion: 94.0.4606.61 (418b78f5838ed..., userDataDir: C:\Users\manua\AppData\Loca...}, goog:chromeOptions: {debuggerAddress: localhost:57765}, javascriptEnabled: true, networkConnectionEnabled: false, pageLoadStrategy: normal, platform: WINDOWS, platformName: WINDOWS, proxy: Proxy(), setWindowRect: true, strictFileInteractability: false, timeouts: {implicit: 0, pageLoad: 300000, script: 30000}, unhandledPromptBehavior: dismiss and notify, webauthn:extension:credBlob: true, webauthn:extension:largeBlob: true, webauthn:virtualAuthenticators: true}
Session ID: 9e2636ae8e92de73a049f5a9bd49f607
at org.openqa.selenium.remote.http.W3CHttpResponseCodec.createException(W3CHttpResponseCodec.java:187)
at org.openqa.selenium.remote.http.W3CHttpResponseCodec.decode(W3CHttpResponseCodec.java:122)
at org.openqa.selenium.remote.http.W3CHttpResponseCodec.decode(W3CHttpResponseCodec.java:49)
at org.openqa.selenium.remote.HttpCommandExecutor.execute(HttpCommandExecutor.java:158)
at org.openqa.selenium.remote.service.DriverCommandExecutor.execute(DriverCommandExecutor.java:83)
at org.openqa.selenium.remote.RemoteWebDriver.execute(RemoteWebDriver.java:552)
at org.openqa.selenium.remote.RemoteWebElement.execute(RemoteWebElement.java:285)
at org.openqa.selenium.remote.RemoteWebElement.click(RemoteWebElement.java:84)
at org.openqa.selenium.support.pagefactory.internal.LocatingElementHandler.invoke(LocatingElementHandler.java:51)
at com.sun.proxy.$Proxy10.click(Unknown Source)
at com.buffalocart.utilities.PageUtility.clickOnElement(PageUtility.java:16)
at com.buffalocart.pages.DeleteRolesPage.clickOnOkButton(DeleteRolesPage.java:30)
at com.buffalocart.testscripts.DeleteRoleTest.verifyDeleteRole(DeleteRoleTest.java:50)
at java.util.ArrayList.forEach(ArrayList.java:1259)
... Removed 34 stack frames]]>
    </failure>
  </testcase> <!-- verifyDeleteRole -->
  <testcase name="verifyDeleteRole" time="28.117" classname="com.buffalocart.testscripts.DeleteAgentTest">
    <failure type="org.openqa.selenium.StaleElementReferenceException" message="stale element reference: element is not attached to the page document
  (Session info: chrome=94.0.4606.81)
For documentation on this error, please visit: https://www.seleniumhq.org/exceptions/stale_element_reference.html
Build info: version: &amp;apos;3.141.59&amp;apos;, revision: &amp;apos;e82be7d358&amp;apos;, time: &amp;apos;2018-11-14T08:17:03&amp;apos;
System info: host: &amp;apos;DESKTOP-FR326FK&amp;apos;, ip: &amp;apos;192.168.0.9&amp;apos;, os.name: &amp;apos;Windows 10&amp;apos;, os.arch: &amp;apos;amd64&amp;apos;, os.version: &amp;apos;10.0&amp;apos;, java.version: &amp;apos;1.8.0_301&amp;apos;
Driver info: org.openqa.selenium.chrome.ChromeDriver
Capabilities {acceptInsecureCerts: false, browserName: chrome, browserVersion: 94.0.4606.81, chrome: {chromedriverVersion: 94.0.4606.61 (418b78f5838ed..., userDataDir: C:\Users\manua\AppData\Loca...}, goog:chromeOptions: {debuggerAddress: localhost:54161}, javascriptEnabled: true, networkConnectionEnabled: false, pageLoadStrategy: normal, platform: WINDOWS, platformName: WINDOWS, proxy: Proxy(), setWindowRect: true, strictFileInteractability: false, timeouts: {implicit: 0, pageLoad: 300000, script: 30000}, unhandledPromptBehavior: dismiss and notify, webauthn:extension:credBlob: true, webauthn:extension:largeBlob: true, webauthn:virtualAuthenticators: true}
Session ID: 1bc38636dc7538bdde694b9e18da107d">
      <![CDATA[org.openqa.selenium.StaleElementReferenceException: stale element reference: element is not attached to the page document
  (Session info: chrome=94.0.4606.81)
For documentation on this error, please visit: https://www.seleniumhq.org/exceptions/stale_element_reference.html
Build info: version: '3.141.59', revision: 'e82be7d358', time: '2018-11-14T08:17:03'
System info: host: 'DESKTOP-FR326FK', ip: '192.168.0.9', os.name: 'Windows 10', os.arch: 'amd64', os.version: '10.0', java.version: '1.8.0_301'
Driver info: org.openqa.selenium.chrome.ChromeDriver
Capabilities {acceptInsecureCerts: false, browserName: chrome, browserVersion: 94.0.4606.81, chrome: {chromedriverVersion: 94.0.4606.61 (418b78f5838ed..., userDataDir: C:\Users\manua\AppData\Loca...}, goog:chromeOptions: {debuggerAddress: localhost:54161}, javascriptEnabled: true, networkConnectionEnabled: false, pageLoadStrategy: normal, platform: WINDOWS, platformName: WINDOWS, proxy: Proxy(), setWindowRect: true, strictFileInteractability: false, timeouts: {implicit: 0, pageLoad: 300000, script: 30000}, unhandledPromptBehavior: dismiss and notify, webauthn:extension:credBlob: true, webauthn:extension:largeBlob: true, webauthn:virtualAuthenticators: true}
Session ID: 1bc38636dc7538bdde694b9e18da107d
at org.openqa.selenium.remote.http.W3CHttpResponseCodec.createException(W3CHttpResponseCodec.java:187)
at org.openqa.selenium.remote.http.W3CHttpResponseCodec.decode(W3CHttpResponseCodec.java:122)
at org.openqa.selenium.remote.http.W3CHttpResponseCodec.decode(W3CHttpResponseCodec.java:49)
at org.openqa.selenium.remote.HttpCommandExecutor.execute(HttpCommandExecutor.java:158)
at org.openqa.selenium.remote.service.DriverCommandExecutor.execute(DriverCommandExecutor.java:83)
at org.openqa.selenium.remote.RemoteWebDriver.execute(RemoteWebDriver.java:552)
at org.openqa.selenium.remote.RemoteWebElement.execute(RemoteWebElement.java:285)
at org.openqa.selenium.remote.RemoteWebElement.getText(RemoteWebElement.java:166)
at com.buffalocart.utilities.TableUtility.getGridData(TableUtility.java:19)
at com.buffalocart.pages.SalesCommissionAgentPage.getSalesCommissionAgentTable(SalesCommissionAgentPage.java:56)
at com.buffalocart.testscripts.DeleteAgentTest.verifyDeleteRole(DeleteAgentTest.java:53)
at java.util.ArrayList.forEach(ArrayList.java:1259)
... Removed 31 stack frames]]>
    </failure>
  </testcase> <!-- verifyDeleteRole -->
  <testcase name="verifyAddNewSalesCommissionAgent" time="42.855" classname="com.buffalocart.testscripts.UpdateAgentTest"/>
  <testcase name="verifyUserLoginWithValidUserCredentials" time="4.057" classname="com.buffalocart.testscripts.SidebarTest"/>
</testsuite> <!-- Test -->
