<?xml version="1.0" encoding="UTF-8"?>
<!-- Generated by org.testng.reporters.JUnitXMLReporter -->
<testsuite hostname="DESKTOP-FR326FK" ignored="0" name="Test" tests="31" failures="1" timestamp="2021-10-30T16:59:30 IST" time="2352.831" errors="0">
  <testcase name="verifyLoginPageTitle" time="0.067" classname="com.buffalocart.testscripts.LoginTest"/>
  <testcase name="verifyUserLoginWithValidUserCredentials" time="23.977" classname="com.buffalocart.testscripts.LoginTest"/>
  <testcase name="verifyUserLoginWithInValidUserCredentials" time="1.578" classname="com.buffalocart.testscripts.LoginTest"/>
  <testcase name="verifyClickOnCheckbox" time="0.144" classname="com.buffalocart.testscripts.LoginTest"/>
  <testcase name="verifyHomePageTitle" time="23.726" classname="com.buffalocart.testscripts.HomeTest"/>
  <testcase name="verifyDateDisplayedInHomePage" time="24.368" classname="com.buffalocart.testscripts.HomeTest"/>
  <testcase name="verifyResetPasswordWithInvalidEmailid" time="2.244" classname="com.buffalocart.testscripts.ForgotPasswordTest"/>
  <testcase name="verifyNavigationToLoginOnClickSignOut" time="23.189" classname="com.buffalocart.testscripts.SignOutTest"/>
  <testcase name="verifySidebar" time="24.314" classname="com.buffalocart.testscripts.SidebarTest"/>
  <testcase name="verifyUserManagementSubmenus" time="24.312" classname="com.buffalocart.testscripts.UserManagementTest"/>
  <testcase name="verifyUsersPageTitle" time="45.934" classname="com.buffalocart.testscripts.UsersTest"/>
  <testcase name="verifyUserLoginWithNewlyAddedUser" time="144.915" classname="com.buffalocart.testscripts.UsersTest"/>
  <testcase name="verifyUserSearch" time="59.898" classname="com.buffalocart.testscripts.UsersTest"/>
  <testcase name="verifyErrorMessageOnNotFillingMandatoryUserFields" time="48.624" classname="com.buffalocart.testscripts.AddUserTest"/>
  <testcase name="verifyAddUsersPageTitle" time="25.296" classname="com.buffalocart.testscripts.AddUserTest"/>
  <testcase name="verifyAddUser" time="66.031" classname="com.buffalocart.testscripts.AddUserTest"/>
  <testcase name="verifyRolesPageTitle" time="23.973" classname="com.buffalocart.testscripts.RolesTest"/>
  <testcase name="verifyNewRoleListedInUserAddPage" time="217.342" classname="com.buffalocart.testscripts.RolesTest"/>
  <testcase name="verifyAddRolesPageTitle" time="46.657" classname="com.buffalocart.testscripts.AddRolesTest"/>
  <testcase name="verifyAddNewRole" time="39.254" classname="com.buffalocart.testscripts.AddRolesTest"/>
  <testcase name="verifySalesCommissionAgentPageTitle" time="24.34" classname="com.buffalocart.testscripts.SalesCommissionAgentTest"/>
  <testcase name="verifyAddNewSalesCommissionAgent" time="56.489" classname="com.buffalocart.testscripts.AddSalesCommissionAgentTest"/>
  <testcase name="verifyEditUsersPageTitle" time="49.968" classname="com.buffalocart.testscripts.UpdateUserTest"/>
  <testcase name="verifyEditUser" time="70.278" classname="com.buffalocart.testscripts.UpdateUserTest"/>
  <testcase name="verifyViewUser" time="65.215" classname="com.buffalocart.testscripts.ViewUserTest"/>
  <testcase name="verifyDeleteUser" time="58.908" classname="com.buffalocart.testscripts.DeleteUserTest"/>
  <testcase name="verifyEditRolesPageTitle" time="36.482" classname="com.buffalocart.testscripts.UpdateRolesTest"/>
  <testcase name="verifyEditRole" time="97.579" classname="com.buffalocart.testscripts.UpdateRolesTest"/>
  <testcase name="verifyDeleteRole" time="60.366" classname="com.buffalocart.testscripts.DeleteRoleTest"/>
  <testcase name="verifyDeleteAgent" time="57.733" classname="com.buffalocart.testscripts.DeleteAgentTest"/>
  <testcase name="verifyEditSalesCommissionAgent" time="80.304" classname="com.buffalocart.testscripts.UpdateAgentTest">
    <failure type="org.openqa.selenium.TimeoutException" message="Expected condition failed: waiting for text (&amp;apos;Mrs reshma rajan&amp;apos;) to be present in element [[ChromeDriver: chrome on WINDOWS (6e02da7ac653b026ed9e7f41f7040b19)] -&amp;gt; id: sales_commission_agent_table] (tried for 50 second(s) with 500 milliseconds interval)
Build info: version: &amp;apos;3.141.59&amp;apos;, revision: &amp;apos;e82be7d358&amp;apos;, time: &amp;apos;2018-11-14T08:17:03&amp;apos;
System info: host: &amp;apos;DESKTOP-FR326FK&amp;apos;, ip: &amp;apos;192.168.0.6&amp;apos;, os.name: &amp;apos;Windows 10&amp;apos;, os.arch: &amp;apos;amd64&amp;apos;, os.version: &amp;apos;10.0&amp;apos;, java.version: &amp;apos;1.8.0_301&amp;apos;
Driver info: org.openqa.selenium.chrome.ChromeDriver
Capabilities {acceptInsecureCerts: false, browserName: chrome, browserVersion: 95.0.4638.69, chrome: {chromedriverVersion: 95.0.4638.54 (d31a821ec901f..., userDataDir: C:\Users\manua\AppData\Loca...}, goog:chromeOptions: {debuggerAddress: localhost:61635}, javascriptEnabled: true, networkConnectionEnabled: false, pageLoadStrategy: normal, platform: WINDOWS, platformName: WINDOWS, proxy: Proxy(), setWindowRect: true, strictFileInteractability: false, timeouts: {implicit: 0, pageLoad: 300000, script: 30000}, unhandledPromptBehavior: dismiss and notify, webauthn:extension:credBlob: true, webauthn:extension:largeBlob: true, webauthn:virtualAuthenticators: true}
Session ID: 6e02da7ac653b026ed9e7f41f7040b19">
      <![CDATA[org.openqa.selenium.TimeoutException: Expected condition failed: waiting for text ('Mrs reshma rajan') to be present in element [[ChromeDriver: chrome on WINDOWS (6e02da7ac653b026ed9e7f41f7040b19)] -> id: sales_commission_agent_table] (tried for 50 second(s) with 500 milliseconds interval)
Build info: version: '3.141.59', revision: 'e82be7d358', time: '2018-11-14T08:17:03'
System info: host: 'DESKTOP-FR326FK', ip: '192.168.0.6', os.name: 'Windows 10', os.arch: 'amd64', os.version: '10.0', java.version: '1.8.0_301'
Driver info: org.openqa.selenium.chrome.ChromeDriver
Capabilities {acceptInsecureCerts: false, browserName: chrome, browserVersion: 95.0.4638.69, chrome: {chromedriverVersion: 95.0.4638.54 (d31a821ec901f..., userDataDir: C:\Users\manua\AppData\Loca...}, goog:chromeOptions: {debuggerAddress: localhost:61635}, javascriptEnabled: true, networkConnectionEnabled: false, pageLoadStrategy: normal, platform: WINDOWS, platformName: WINDOWS, proxy: Proxy(), setWindowRect: true, strictFileInteractability: false, timeouts: {implicit: 0, pageLoad: 300000, script: 30000}, unhandledPromptBehavior: dismiss and notify, webauthn:extension:credBlob: true, webauthn:extension:largeBlob: true, webauthn:virtualAuthenticators: true}
Session ID: 6e02da7ac653b026ed9e7f41f7040b19
at org.openqa.selenium.support.ui.WebDriverWait.timeoutException(WebDriverWait.java:95)
at org.openqa.selenium.support.ui.FluentWait.until(FluentWait.java:272)
at com.buffalocart.utilities.WaitUtility.waitForElementToBePresent(WaitUtility.java:89)
at com.buffalocart.pages.SalesCommissionAgentPage.iselementLoaded(SalesCommissionAgentPage.java:74)
at com.buffalocart.testscripts.UpdateAgentTest.verifyEditSalesCommissionAgent(UpdateAgentTest.java:65)
at java.util.ArrayList.forEach(ArrayList.java:1259)
... Removed 27 stack frames]]>
    </failure>
  </testcase> <!-- verifyEditSalesCommissionAgent -->
</testsuite> <!-- Test -->
